00000000 PRG 2023-01-21 05:13:25 14004 11880 "Error loading C:\Program Files (x86)\HPCCSystems\8.10.12\clienttools\filehooks\archive.dll: 126 - The specified module could not be found."
00000001 PRG 2023-01-21 05:13:25 14004 11880 "File hook library C:\Program Files (x86)\HPCCSystems\8.10.12\clienttools\filehooks\archive.dll could not be loaded"
00000002 PRG 2023-01-21 05:13:25 14004 11880 "Error loading C:\Program Files (x86)\HPCCSystems\8.10.12\clienttools\filehooks\archivefile.dll: 126 - The specified module could not be found."
00000003 PRG 2023-01-21 05:13:25 14004 11880 "File hook library C:\Program Files (x86)\HPCCSystems\8.10.12\clienttools\filehooks\archivefile.dll could not be loaded"
00000004 PRG 2023-01-21 05:13:25 14004 11880 "File hook library C:\Program Files (x86)\HPCCSystems\8.10.12\clienttools\filehooks\bz2.dll could not be loaded"
00000005 PRG 2023-01-21 05:13:25 14004 11880 "Error loading C:\Program Files (x86)\HPCCSystems\8.10.12\clienttools\filehooks\git2.dll: 126 - The specified module could not be found."
00000006 PRG 2023-01-21 05:13:25 14004 11880 "File hook library C:\Program Files (x86)\HPCCSystems\8.10.12\clienttools\filehooks\git2.dll could not be loaded"
00000007 PRG 2023-01-21 05:13:25 14004 11880 "Error loading C:\Program Files (x86)\HPCCSystems\8.10.12\clienttools\filehooks\gitfile.dll: 126 - The specified module could not be found."
00000008 PRG 2023-01-21 05:13:25 14004 11880 "File hook library C:\Program Files (x86)\HPCCSystems\8.10.12\clienttools\filehooks\gitfile.dll could not be loaded"
00000009 PRG 2023-01-21 05:13:25 14004 11880 "Error loading C:\Program Files (x86)\HPCCSystems\8.10.12\clienttools\filehooks\gitfile.lib: 193 - 193"
0000000A PRG 2023-01-21 05:13:25 14004 11880 "File hook library C:\Program Files (x86)\HPCCSystems\8.10.12\clienttools\filehooks\gitfile.lib could not be loaded"
0000000B PRG 2023-01-21 05:13:25 14004 11880 "File hook library C:\Program Files (x86)\HPCCSystems\8.10.12\clienttools\filehooks\pcre.dll could not be loaded"
0000000C PRG 2023-01-21 05:13:25 14004 11880 "File hook library C:\Program Files (x86)\HPCCSystems\8.10.12\clienttools\filehooks\zlib1.dll could not be loaded"
0000000D PRG 2023-01-21 05:13:25 14004 11880 "Loading plugin C:\Program Files (x86)\HPCCSystems\8.10.12\clienttools\plugins\auditlib.dll[lib_auditlib] version = AUDITLIB 1.0.1"
0000000E PRG 2023-01-21 05:13:25 14004 11880 "Loading library C:\Program Files (x86)\HPCCSystems\8.10.12\clienttools\plugins\couchbase.ecllib"
0000000F PRG 2023-01-21 05:13:25 14004 11880 "Loading plugin C:\Program Files (x86)\HPCCSystems\8.10.12\clienttools\plugins\debugservices.dll[lib_debugservices] version = DEBUGSERVICES 1.0.1"
00000010 USR 2023-01-21 05:13:25 14004 11880 "WARNING: getECLPluginDefinition not found in C:\Program Files (x86)\HPCCSystems\8.10.12\clienttools\plugins\icudt69.dll, unloading"
00000011 USR 2023-01-21 05:13:25 14004 11880 "WARNING: getECLPluginDefinition not found in C:\Program Files (x86)\HPCCSystems\8.10.12\clienttools\plugins\icuin69.dll, unloading"
00000012 USR 2023-01-21 05:13:25 14004 11880 "WARNING: getECLPluginDefinition not found in C:\Program Files (x86)\HPCCSystems\8.10.12\clienttools\plugins\icuuc69.dll, unloading"
00000013 PRG 2023-01-21 05:13:25 14004 11880 "Loading library C:\Program Files (x86)\HPCCSystems\8.10.12\clienttools\plugins\java.ecllib"
00000014 PRG 2023-01-21 05:13:25 14004 11880 "Loading library C:\Program Files (x86)\HPCCSystems\8.10.12\clienttools\plugins\javascript.ecllib"
00000015 PRG 2023-01-21 05:13:25 14004 11880 "Loading library C:\Program Files (x86)\HPCCSystems\8.10.12\clienttools\plugins\kafka.ecllib"
00000016 PRG 2023-01-21 05:13:25 14004 11880 "Loading library C:\Program Files (x86)\HPCCSystems\8.10.12\clienttools\plugins\lib_cryptolib.ecllib"
00000017 PRG 2023-01-21 05:13:25 14004 11880 "Loading library C:\Program Files (x86)\HPCCSystems\8.10.12\clienttools\plugins\lib_eclblas.ecllib"
00000018 PRG 2023-01-21 05:13:25 14004 11880 "Loading library C:\Program Files (x86)\HPCCSystems\8.10.12\clienttools\plugins\lib_fileservices.ecllib"
00000019 PRG 2023-01-21 05:13:25 14004 11880 "Loading library C:\Program Files (x86)\HPCCSystems\8.10.12\clienttools\plugins\lib_h3.ecllib"
0000001A PRG 2023-01-21 05:13:25 14004 11880 "Loading library C:\Program Files (x86)\HPCCSystems\8.10.12\clienttools\plugins\lib_keylib.ecllib"
0000001B PRG 2023-01-21 05:13:25 14004 11880 "Loading library C:\Program Files (x86)\HPCCSystems\8.10.12\clienttools\plugins\lib_memcached.ecllib"
0000001C PRG 2023-01-21 05:13:25 14004 11880 "Loading library C:\Program Files (x86)\HPCCSystems\8.10.12\clienttools\plugins\lib_metaphone.ecllib"
0000001D PRG 2023-01-21 05:13:25 14004 11880 "Loading library C:\Program Files (x86)\HPCCSystems\8.10.12\clienttools\plugins\lib_metaphone3.ecllib"
0000001E PRG 2023-01-21 05:13:25 14004 11880 "Loading library C:\Program Files (x86)\HPCCSystems\8.10.12\clienttools\plugins\lib_nlp.ecllib"
0000001F PRG 2023-01-21 05:13:25 14004 11880 "Loading library C:\Program Files (x86)\HPCCSystems\8.10.12\clienttools\plugins\lib_redis.ecllib"
00000020 PRG 2023-01-21 05:13:25 14004 11880 "Loading library C:\Program Files (x86)\HPCCSystems\8.10.12\clienttools\plugins\lib_saltlib.ecllib"
00000021 PRG 2023-01-21 05:13:25 14004 11880 "Loading library C:\Program Files (x86)\HPCCSystems\8.10.12\clienttools\plugins\lib_thorlib.ecllib"
00000022 PRG 2023-01-21 05:13:25 14004 11880 "Loading library C:\Program Files (x86)\HPCCSystems\8.10.12\clienttools\plugins\lib_word.ecllib"
00000023 PRG 2023-01-21 05:13:25 14004 11880 "Loading plugin C:\Program Files (x86)\HPCCSystems\8.10.12\clienttools\plugins\logging.dll[lib_logging] version = LOGGING 1.0.1"
00000024 PRG 2023-01-21 05:13:25 14004 11880 "Loading library C:\Program Files (x86)\HPCCSystems\8.10.12\clienttools\plugins\mongodb.ecllib"
00000025 PRG 2023-01-21 05:13:25 14004 11880 "Loading library C:\Program Files (x86)\HPCCSystems\8.10.12\clienttools\plugins\mysql.ecllib"
00000026 PRG 2023-01-21 05:13:25 14004 11880 "Loading plugin C:\Program Files (x86)\HPCCSystems\8.10.12\clienttools\plugins\parselib.dll[lib_parselib] version = PARSELIB 1.0.1"
00000027 PRG 2023-01-21 05:13:25 14004 11880 "Loading library C:\Program Files (x86)\HPCCSystems\8.10.12\clienttools\plugins\python3.ecllib"
00000028 PRG 2023-01-21 05:13:25 14004 11880 "Loading library C:\Program Files (x86)\HPCCSystems\8.10.12\clienttools\plugins\R.ecllib"
00000029 PRG 2023-01-21 05:13:25 14004 11880 "Loading library C:\Program Files (x86)\HPCCSystems\8.10.12\clienttools\plugins\sqlite3.ecllib"
0000002A PRG 2023-01-21 05:13:25 14004 11880 "Loading library C:\Program Files (x86)\HPCCSystems\8.10.12\clienttools\plugins\sqs.ecllib"
0000002B PRG 2023-01-21 05:13:25 14004 11880 "Loading plugin C:\Program Files (x86)\HPCCSystems\8.10.12\clienttools\plugins\stringlib.dll[lib_stringlib] version = STRINGLIB 1.1.14"
0000002C PRG 2023-01-21 05:13:25 14004 11880 "Loading plugin C:\Program Files (x86)\HPCCSystems\8.10.12\clienttools\plugins\timelib.dll[lib_timelib] version = TIMELIB 1.0.0"
0000002D PRG 2023-01-21 05:13:25 14004 11880 "Loading plugin C:\Program Files (x86)\HPCCSystems\8.10.12\clienttools\plugins\unicodelib.dll[lib_unicodelib] version = UNICODELIB 1.1.06"
0000002E PRG 2023-01-21 05:13:25 14004 11880 "Loading plugin C:\Program Files (x86)\HPCCSystems\8.10.12\clienttools\plugins\workunitservices.dll[lib_WORKUNITSERVICES] version = WORKUNITSERVICES 1.0.2"
